   1              	# 1 "../Practica2b_1.asm"
   1              	/*51458991-X*/
   0              	
   0              	
   0              	
   2              	.global start
   3              	
   4              	.equ N, 8
   5              	
   6              	.data
   7 0000 07000000 	A: .word 7, 3, 25, 4, 75, 2, 1, 1
   7      03000000 
   7      19000000 
   7      04000000 
   7      4B000000 
   8              	
   9              	.bss
  10              	
  11              	.text
  12              	start:
  13              	
  14 0000 44409FE5 			LDR R4, =A			/*	R4 A	*/
  15              		/*	R0 -> Aux	*/
  16 0004 0030A0E3 			MOV R3, #0			/*	R3 j=0	*/
  17 0008 080053E3 	forJ:	CMP R3, #N			/*	Comparamos para salir de forJ	*/
  18 000c 0D00000A 			BEQ	finJ
  19              	
  20 0010 0020A0E3 			MOV R2, #0			/*	R2 i=0	*/
  21 0014 080052E3 	forI:	CMP	R2, #N			/*	Comparamos para salir de forI	*/
  22 0018 0800000A 			BEQ finI
  23              	
  24 001c 026194E7 			LDR R6, [R4, R2, LSL #2]	/*	Cargamos en R6 A[i]	*/
  25 0020 039194E7 			LDR R9, [R4, R3, LSL #2]	/*	Cargamos en R9 A[j]	*/
  26              	
  27 0024 060059E1 			CMP R9, R6			/*	Comparamos A[j] con A[i]	*/
  28 0028 020000AA 			BGE NoIf			/*	Si A[j] >= A[i]	saltamos a NoIf 	*/
  29              	
  30 002c 0900A0E1 			MOV R0, R9			/*	aux = A[j]	*/
  31              	
  32 0030 036184E7 			STR R6, [R4, R3, LSL #2] 	/*	A[j] = A[i] 	*/
  33 0034 020184E7 			STR R0, [R4, R2, LSL #2]	/*	A[i] = Aux		*/
  34              	NoIf:
  35 0038 012082E2 			ADD R2, #1
  36 003c F4FFFFEA 			B forI
  37              	finI:
  38 0040 013083E2 			ADD R3, #1
  39 0044 EFFFFFEA 			B forJ
  40              	finJ:
  41 0048 FEFFFFEA 	fin:	B .
  42 004c 00000000 			.end
DEFINED SYMBOLS
 ../Practica2b_1.asm:12     .text:00000000 start
 ../Practica2b_1.asm:4      *ABS*:00000008 N
 ../Practica2b_1.asm:7      .data:00000000 A
 ../Practica2b_1.asm:14     .text:00000000 $a
 ../Practica2b_1.asm:17     .text:00000008 forJ
 ../Practica2b_1.asm:40     .text:00000048 finJ
 ../Practica2b_1.asm:21     .text:00000014 forI
 ../Practica2b_1.asm:37     .text:00000040 finI
 ../Practica2b_1.asm:34     .text:00000038 NoIf
 ../Practica2b_1.asm:41     .text:00000048 fin
 ../Practica2b_1.asm:42     .text:0000004c $d
                   .debug_aranges:0000000c $d

NO UNDEFINED SYMBOLS
