01:08:54 **** Build of configuration Debug for project Copy of Practica4 ****
cs-make all 
'Building file: ../init.asm'
'Invoking: ARM Sourcery Windows GCC Assembler'
arm-none-eabi-gcc -x assembler-with-cpp -Wall -Wa,-adhlns="init.o.lst" -c -fmessage-length=0 -MMD -MP -MF"init.d" -MT"init.d" -mcpu=arm7tdmi -g3 -gdwarf-2 -o "init.o" "../init.asm"
'Finished building: ../init.asm'
' '
'Building file: ../lena128.c'
'Invoking: ARM Sourcery Windows GCC C Compiler'
arm-none-eabi-gcc -O2 -Wall -Wa,-adhlns="lena128.o.lst" -c -fmessage-length=0 -mapcs-frame -MMD -MP -MF"lena128.d" -MT"lena128.d" -mcpu=arm7tdmi -g3 -gdwarf-2 -o "lena128.o" "../lena128.c"
'Finished building: ../lena128.c'
' '
'Building file: ../main.c'
'Invoking: ARM Sourcery Windows GCC C Compiler'
arm-none-eabi-gcc -O2 -Wall -Wa,-adhlns="main.o.lst" -c -fmessage-length=0 -mapcs-frame -MMD -MP -MF"main.d" -MT"main.d" -mcpu=arm7tdmi -g3 -gdwarf-2 -o "main.o" "../main.c"
'Finished building: ../main.c'
' '
'Building file: ../rutinas_asm.asm'
'Invoking: ARM Sourcery Windows GCC Assembler'
arm-none-eabi-gcc -x assembler-with-cpp -Wall -Wa,-adhlns="rutinas_asm.o.lst" -c -fmessage-length=0 -MMD -MP -MF"rutinas_asm.d" -MT"rutinas_asm.d" -mcpu=arm7tdmi -g3 -gdwarf-2 -o "rutinas_asm.o" "../rutinas_asm.asm"
'Finished building: ../rutinas_asm.asm'
' '
'Building file: ../trafo.c'
'Invoking: ARM Sourcery Windows GCC C Compiler'
arm-none-eabi-gcc -O2 -Wall -Wa,-adhlns="trafo.o.lst" -c -fmessage-length=0 -mapcs-frame -MMD -MP -MF"trafo.d" -MT"trafo.d" -mcpu=arm7tdmi -g3 -gdwarf-2 -o "trafo.o" "../trafo.c"
'Finished building: ../trafo.c'
' '
'Building target: Copy of Practica4.elf'
'Invoking: ARM Sourcery Windows GCC C Linker'
arm-none-eabi-gcc -T"C:\Universidad\FC\ARM\Practica1\ld_script.ld" -nostartfiles -Wl,-Map,Copy of Practica4.map -mcpu=arm7tdmi -g3 -gdwarf-2 -o "Copy of Practica4.elf"  ./init.o ./lena128.o ./main.o ./rutinas_asm.o ./trafo.o   
arm-none-eabi-gcc: of: No such file or directory
cs-make: *** [Copy of Practica4.elf] Error 1

01:08:57 Build Finished (took 2s.371ms)

