21:28:33 **** Incremental Build of configuration Debug for project Practica2 ****
cs-make all 
'Building file: ../Practica2b.asm'
'Invoking: ARM Sourcery Windows GCC Assembler'
arm-none-eabi-gcc -x assembler-with-cpp -Wall -Wa,-adhlns="Practica2b.o.lst" -c -fmessage-length=0 -MMD -MP -MF"Practica2b.d" -MT"Practica2b.d" -mcpu=arm7tdmi -g3 -gdwarf-2 -o "Practica2b.o" "../Practica2b.asm"
'Finished building: ../Practica2b.asm'
' '
'Building file: ../Practica2b_1.asm'
'Invoking: ARM Sourcery Windows GCC Assembler'
arm-none-eabi-gcc -x assembler-with-cpp -Wall -Wa,-adhlns="Practica2b_1.o.lst" -c -fmessage-length=0 -MMD -MP -MF"Practica2b_1.d" -MT"Practica2b_1.d" -mcpu=arm7tdmi -g3 -gdwarf-2 -o "Practica2b_1.o" "../Practica2b_1.asm"
'Finished building: ../Practica2b_1.asm'
' '
'Building file: ../Practica2b_2.asm'
'Invoking: ARM Sourcery Windows GCC Assembler'
arm-none-eabi-gcc -x assembler-with-cpp -Wall -Wa,-adhlns="Practica2b_2.o.lst" -c -fmessage-length=0 -MMD -MP -MF"Practica2b_2.d" -MT"Practica2b_2.d" -mcpu=arm7tdmi -g3 -gdwarf-2 -o "Practica2b_2.o" "../Practica2b_2.asm"
'Finished building: ../Practica2b_2.asm'
' '
'Building target: Practica2.elf'
'Invoking: ARM Sourcery Windows GCC C Linker'
arm-none-eabi-gcc -T"C:\Universidad\FC\ARM\Practica1\ld_script.ld" -nostartfiles -Wl,-Map,Practica2.map -mcpu=arm7tdmi -g3 -gdwarf-2 -o "Practica2.elf"  ./Practica2b.o ./Practica2b_1.o ./Practica2b_2.o   
./Practica2b_1.o: In function `start':
C:\Universidad\FC\ARM\Practica2\Debug/../Practica2b_1.asm:14: multiple definition of `start'
./Practica2b.o:C:\Universidad\FC\ARM\Practica2\Debug/../Practica2b.asm:16: first defined here
./Practica2b_2.o: In function `start':
C:\Universidad\FC\ARM\Practica2\Debug/../Practica2b_2.asm:15: multiple definition of `start'
./Practica2b.o:C:\Universidad\FC\ARM\Practica2\Debug/../Practica2b.asm:16: first defined here
collect2: ld returned 1 exit status
cs-make: *** [Practica2.elf] Error 1

21:28:35 Build Finished (took 1s.426ms)

