   1              		.cpu arm7tdmi
   2              		.fpu softvfp
   3              		.eabi_attribute 20, 1
   4              		.eabi_attribute 21, 1
   5              		.eabi_attribute 23, 3
   6              		.eabi_attribute 24, 1
   7              		.eabi_attribute 25, 1
   8              		.eabi_attribute 26, 1
   9              		.eabi_attribute 30, 2
  10              		.eabi_attribute 18, 4
  11              		.file	"trafo.c"
  21              	.Ltext0:
  22              		.file 1 "../trafo.c"
 987              		.align	2
 988              		.global	RGB2GrayMatrix
 990              	RGB2GrayMatrix:
 991              	.LFB0:
   1:../trafo.c    **** 
   2:../trafo.c    **** #include "trafo.h"
   3:../trafo.c    **** #include "types.h"
   4:../trafo.c    **** 
   5:../trafo.c    **** //-----------------------------------------------------------------------------------
   6:../trafo.c    **** //Las funciones que se definan en ensamblador debrán borrarse de este fichero
   7:../trafo.c    **** // o comentarse. De otra manera habría dos definciones de la misma función
   8:../trafo.c    **** //-----------------------------------------------------------------------------------
   9:../trafo.c    **** 
  10:../trafo.c    **** 
  11:../trafo.c    **** void RGB2GrayMatrix(pixelRGB orig[N][M], unsigned char dest[N][M]) {
 992              		.loc 1 11 0
 993              		.cfi_startproc
 994              		@ Function supports interworking.
 995              		@ args = 0, pretend = 0, frame = 0
 996              		@ frame_needed = 1, uses_anonymous_args = 0
 997              	.LVL0:
 998 0000 0DC0A0E1 		mov	ip, sp
 999              	.LCFI0:
 1000              		.cfi_def_cfa_register 12
 1001 0004 F0DD2DE9 		stmfd	sp!, {r4, r5, r6, r7, r8, sl, fp, ip, lr, pc}
 1002 0008 04B04CE2 		sub	fp, ip, #4
 1003              		.cfi_offset 14, -8
 1004              		.cfi_offset 13, -12
 1005              		.cfi_offset 11, -16
 1006              		.cfi_offset 10, -20
 1007              		.cfi_offset 8, -24
 1008              		.cfi_offset 7, -28
 1009              		.cfi_offset 6, -32
 1010              		.cfi_offset 5, -36
 1011              		.cfi_offset 4, -40
 1012              	.LCFI1:
 1013              		.cfi_def_cfa 11, 4
 1014              		.loc 1 11 0
 1015 000c 0180A0E1 		mov	r8, r1
 1016 0010 0050A0E1 		mov	r5, r0
 1017 0014 80A0A0E3 		mov	sl, #128
 1018              	.LVL1:
 1019              	.L2:
 1020              		.loc 1 11 0 is_stmt 0 discriminator 1
 1021 0018 0870A0E1 		mov	r7, r8
 1022 001c 0040A0E3 		mov	r4, #0
 1023              	.LVL2:
 1024              	.L3:
 1025              		.loc 1 11 0 discriminator 2
 1026 0020 046085E0 		add	r6, r5, r4
  12:../trafo.c    ****     int i,j;
  13:../trafo.c    ****     
  14:../trafo.c    ****     for (i=0;i<N;i++)
  15:../trafo.c    ****         for (j=0; j<M; j++)
  16:../trafo.c    ****             dest[i][j] =  rgb2gray(orig[i][j].R, orig[i][j].G, orig[i][j].B);
 1027              		.loc 1 16 0 is_stmt 1 discriminator 2
 1028 0024 0110D6E5 		ldrb	r1, [r6, #1]	@ zero_extendqisi2
 1029 0028 0220D6E5 		ldrb	r2, [r6, #2]	@ zero_extendqisi2
 1030 002c 0400D5E7 		ldrb	r0, [r5, r4]	@ zero_extendqisi2
 1031 0030 FEFFFFEB 		bl	rgb2gray
 1032 0034 0760A0E1 		mov	r6, r7
 1033 0038 0100C6E4 		strb	r0, [r6], #1
 1034 003c 032084E2 		add	r2, r4, #3
  11:../trafo.c    **** void RGB2GrayMatrix(pixelRGB orig[N][M], unsigned char dest[N][M]) {
 1035              		.loc 1 11 0 discriminator 2
 1036 0040 023085E0 		add	r3, r5, r2
 1037              		.loc 1 16 0 discriminator 2
 1038 0044 0200D5E7 		ldrb	r0, [r5, r2]	@ zero_extendqisi2
 1039 0048 0110D3E5 		ldrb	r1, [r3, #1]	@ zero_extendqisi2
 1040 004c 0220D3E5 		ldrb	r2, [r3, #2]	@ zero_extendqisi2
 1041 0050 FEFFFFEB 		bl	rgb2gray
 1042 0054 064084E2 		add	r4, r4, #6
  15:../trafo.c    ****         for (j=0; j<M; j++)
 1043              		.loc 1 15 0 discriminator 2
 1044 0058 060D54E3 		cmp	r4, #384
 1045              		.loc 1 16 0 discriminator 2
 1046 005c 0100C7E5 		strb	r0, [r7, #1]
 1047 0060 017086E2 		add	r7, r6, #1
  15:../trafo.c    ****         for (j=0; j<M; j++)
 1048              		.loc 1 15 0 discriminator 2
 1049 0064 EDFFFF1A 		bne	.L3
  14:../trafo.c    ****     for (i=0;i<N;i++)
 1050              		.loc 1 14 0
 1051 0068 01A05AE2 		subs	sl, sl, #1
  15:../trafo.c    ****         for (j=0; j<M; j++)
 1052              		.loc 1 15 0
 1053 006c 808088E2 		add	r8, r8, #128
 1054 0070 065D85E2 		add	r5, r5, #384
  14:../trafo.c    ****     for (i=0;i<N;i++)
 1055              		.loc 1 14 0
 1056 0074 E7FFFF1A 		bne	.L2
  17:../trafo.c    ****     
  18:../trafo.c    **** }
 1057              		.loc 1 18 0
 1058 0078 24D04BE2 		sub	sp, fp, #36
 1059 007c F06D9DE8 		ldmfd	sp, {r4, r5, r6, r7, r8, sl, fp, sp, lr}
 1060 0080 1EFF2FE1 		bx	lr
 1061              		.cfi_endproc
 1062              	.LFE0:
 1064              		.align	2
 1065              		.global	Gray2BinaryMatrix
 1067              	Gray2BinaryMatrix:
 1068              	.LFB1:
  19:../trafo.c    **** 
  20:../trafo.c    **** void Gray2BinaryMatrix(unsigned char orig[N][M], unsigned char dest[N][M]) {
 1069              		.loc 1 20 0
 1070              		.cfi_startproc
 1071              		@ Function supports interworking.
 1072              		@ args = 0, pretend = 0, frame = 0
 1073              		@ frame_needed = 0, uses_anonymous_args = 0
 1074              		@ link register save eliminated.
 1075              	.LVL3:
 1076 0084 F0002DE9 		stmfd	sp!, {r4, r5, r6, r7}
 1077              	.LCFI2:
 1078              		.cfi_def_cfa_offset 16
  21:../trafo.c    ****     int i,j;
  22:../trafo.c    ****     int umbral = 127;
  23:../trafo.c    ****     
  24:../trafo.c    ****     for (i=0;i<N;i++)
  25:../trafo.c    ****         for (j=0; j<M; j++)
  26:../trafo.c    ****             if (orig[i][j] > umbral)
  27:../trafo.c    ****                 dest[i][j]=255;
  28:../trafo.c    ****             else
  29:../trafo.c    ****                  dest[i][j]=0;
 1079              		.loc 1 29 0
 1080 0088 00C0A0E3 		mov	ip, #0
  20:../trafo.c    **** void Gray2BinaryMatrix(unsigned char orig[N][M], unsigned char dest[N][M]) {
 1081              		.loc 1 20 0
 1082 008c 017981E2 		add	r7, r1, #16384
 1083              		.cfi_offset 7, -4
 1084              		.cfi_offset 6, -8
 1085              		.cfi_offset 5, -12
 1086              		.cfi_offset 4, -16
  27:../trafo.c    ****                 dest[i][j]=255;
 1087              		.loc 1 27 0
 1088 0090 0020E0E3 		mvn	r2, #0
 1089              	.LVL4:
 1090              	.L9:
  24:../trafo.c    ****     for (i=0;i<N;i++)
 1091              		.loc 1 24 0 discriminator 1
 1092 0094 806081E2 		add	r6, r1, #128
  20:../trafo.c    **** void Gray2BinaryMatrix(unsigned char orig[N][M], unsigned char dest[N][M]) {
 1093              		.loc 1 20 0 discriminator 1
 1094 0098 0030A0E1 		mov	r3, r0
 1095              	.LVL5:
 1096              	.L12:
  26:../trafo.c    ****             if (orig[i][j] > umbral)
 1097              		.loc 1 26 0
 1098 009c 0150D3E4 		ldrb	r5, [r3], #1	@ zero_extendqisi2
  27:../trafo.c    ****                 dest[i][j]=255;
 1099              		.loc 1 27 0
 1100 00a0 800055E3 		cmp	r5, #128
 1101 00a4 0C40A0B1 		movlt	r4, ip
 1102 00a8 0240A0A1 		movge	r4, r2
 1103 00ac 0040C1E5 		strb	r4, [r1, #0]
  26:../trafo.c    ****             if (orig[i][j] > umbral)
 1104              		.loc 1 26 0
 1105 00b0 0140D3E4 		ldrb	r4, [r3], #1	@ zero_extendqisi2
  27:../trafo.c    ****                 dest[i][j]=255;
 1106              		.loc 1 27 0
 1107 00b4 800054E3 		cmp	r4, #128
 1108 00b8 0C50A0B1 		movlt	r5, ip
 1109 00bc 0250A0A1 		movge	r5, r2
 1110 00c0 0150C1E5 		strb	r5, [r1, #1]
 1111              		.loc 1 29 0
 1112 00c4 021081E2 		add	r1, r1, #2
  25:../trafo.c    ****         for (j=0; j<M; j++)
 1113              		.loc 1 25 0
 1114 00c8 060051E1 		cmp	r1, r6
 1115 00cc F2FFFF1A 		bne	.L12
  24:../trafo.c    ****     for (i=0;i<N;i++)
 1116              		.loc 1 24 0
 1117 00d0 060057E1 		cmp	r7, r6
  25:../trafo.c    ****         for (j=0; j<M; j++)
 1118              		.loc 1 25 0
 1119 00d4 800080E2 		add	r0, r0, #128
  24:../trafo.c    ****     for (i=0;i<N;i++)
 1120              		.loc 1 24 0
 1121 00d8 EDFFFF1A 		bne	.L9
  30:../trafo.c    ****     
  31:../trafo.c    **** }
 1122              		.loc 1 31 0
 1123 00dc F000BDE8 		ldmfd	sp!, {r4, r5, r6, r7}
 1124 00e0 1EFF2FE1 		bx	lr
 1125              		.cfi_endproc
 1126              	.LFE1:
 1128              		.align	2
 1129              		.global	contarBlancos
 1131              	contarBlancos:
 1132              	.LFB2:
  32:../trafo.c    **** 
  33:../trafo.c    **** /*
  34:../trafo.c    **** int rgb2gray(int R, int G, int B) {
  35:../trafo.c    ****     // COMPLETAR: Apartado 4.9.5.2 del manual de la practica 4
  36:../trafo.c    ****     // Nota: hay que comentar la implementacion en ensamblador
  37:../trafo.c    ****     // de la rutina
  38:../trafo.c    **** 
  39:../trafo.c    ****     
  40:../trafo.c    **** }*/
  41:../trafo.c    **** 
  42:../trafo.c    **** 
  43:../trafo.c    **** void contarBlancos(unsigned char mat[N][M], unsigned char vector[N]) {
 1133              		.loc 1 43 0
 1134              		.cfi_startproc
 1135              		@ Function supports interworking.
 1136              		@ args = 0, pretend = 0, frame = 0
 1137              		@ frame_needed = 0, uses_anonymous_args = 0
 1138              		@ link register save eliminated.
 1139              	.LVL6:
 1140 00e4 04402DE5 		str	r4, [sp, #-4]!
 1141              	.LCFI3:
 1142              		.cfi_def_cfa_offset 4
  44:../trafo.c    ****     int i,j;
  45:../trafo.c    **** 
  46:../trafo.c    ****     for (i=0;i<N;i++) {
  47:../trafo.c    ****         vector[i]=0;
 1143              		.loc 1 47 0
 1144 00e8 00C0A0E3 		mov	ip, #0
  43:../trafo.c    **** void contarBlancos(unsigned char mat[N][M], unsigned char vector[N]) {
 1145              		.loc 1 43 0
 1146 00ec 804081E2 		add	r4, r1, #128
 1147              		.cfi_offset 4, -4
 1148              	.LVL7:
 1149              	.L20:
 1150              		.loc 1 47 0
 1151 00f0 01C0C1E4 		strb	ip, [r1], #1
 1152              	.LVL8:
  48:../trafo.c    ****         for (j=0; j<M; j++) {
 1153              		.loc 1 48 0
 1154 00f4 0030A0E3 		mov	r3, #0
 1155 00f8 020000EA 		b	.L19
 1156              	.LVL9:
 1157              	.L23:
 1158 00fc 013082E2 		add	r3, r2, #1
 1159              	.LVL10:
 1160 0100 800053E3 		cmp	r3, #128
 1161 0104 0E00000A 		beq	.L27
 1162              	.LVL11:
 1163              	.L19:
 1164 0108 012083E2 		add	r2, r3, #1
  49:../trafo.c    ****             if ( mat[i][j] == 255) vector[i]++;
 1165              		.loc 1 49 0
 1166 010c 0330D0E7 		ldrb	r3, [r0, r3]	@ zero_extendqisi2
 1167 0110 FF0053E3 		cmp	r3, #255
 1168 0114 01305105 		ldreqb	r3, [r1, #-1]	@ zero_extendqisi2
 1169 0118 01308302 		addeq	r3, r3, #1
 1170 011c 01304105 		streqb	r3, [r1, #-1]
 1171 0120 0230D0E7 		ldrb	r3, [r0, r2]	@ zero_extendqisi2
 1172 0124 FF0053E3 		cmp	r3, #255
 1173 0128 F3FFFF1A 		bne	.L23
 1174 012c 013051E5 		ldrb	r3, [r1, #-1]	@ zero_extendqisi2
 1175 0130 013083E2 		add	r3, r3, #1
 1176 0134 013041E5 		strb	r3, [r1, #-1]
  48:../trafo.c    ****         for (j=0; j<M; j++) {
 1177              		.loc 1 48 0
 1178 0138 013082E2 		add	r3, r2, #1
 1179              	.LVL12:
 1180 013c 800053E3 		cmp	r3, #128
 1181 0140 F0FFFF1A 		bne	.L19
 1182              	.L27:
  46:../trafo.c    ****     for (i=0;i<N;i++) {
 1183              		.loc 1 46 0
 1184 0144 040051E1 		cmp	r1, r4
  48:../trafo.c    ****         for (j=0; j<M; j++) {
 1185              		.loc 1 48 0
 1186 0148 800080E2 		add	r0, r0, #128
  46:../trafo.c    ****     for (i=0;i<N;i++) {
 1187              		.loc 1 46 0
 1188 014c E7FFFF1A 		bne	.L20
  50:../trafo.c    ****         }
  51:../trafo.c    ****     }
  52:../trafo.c    **** }
 1189              		.loc 1 52 0
 1190 0150 04409DE4 		ldmfd	sp!, {r4}
 1191 0154 1EFF2FE1 		bx	lr
 1192              		.cfi_endproc
 1193              	.LFE2:
 1195              	.Letext0:
DEFINED SYMBOLS
                            *ABS*:00000000 trafo.c
C:\Users\victo\AppData\Local\Temp\ccFq4vpI.s:987    .text:00000000 $a
C:\Users\victo\AppData\Local\Temp\ccFq4vpI.s:990    .text:00000000 RGB2GrayMatrix
C:\Users\victo\AppData\Local\Temp\ccFq4vpI.s:1067   .text:00000084 Gray2BinaryMatrix
C:\Users\victo\AppData\Local\Temp\ccFq4vpI.s:1131   .text:000000e4 contarBlancos
                     .debug_frame:00000010 $d

UNDEFINED SYMBOLS
rgb2gray
